Build started 4/12/2014 9:42:34 PM.
     1>Project "C:\Users\Player1\Desktop\stuff\Jay's Realm\GameDev\swarch168\SwarchLibrary\SwarchLibrary.vcxproj" on node 2 (Build target(s)).
     1>ClCompile:
         C:\Program Files\Microsoft Visual Studio 11.0\VC\bin\CL.exe /c /ZI /nologo /W3 /WX- /Od /Oy- /D WIN32 /D _DEBUG /D _LIB /D _UNICODE /D UNICODE /Gm /EHsc /RTC1 /MDd /GS /fp:precise /Zc:wchar_t /Zc:forScope /Fo"Debug\\" /Fd"Debug\vc110.pdb" /Gd /TP /analyze- /errorReport:prompt EmptySource.cpp
         EmptySource.cpp
       Lib:
         C:\Program Files\Microsoft Visual Studio 11.0\VC\bin\Lib.exe /OUT:"C:\Users\Player1\Desktop\stuff\Jay's Realm\GameDev\swarch168\Debug\SwarchLibrary.lib" "sfml-graphics-s-d.lib" "sfml-network-s-d.lib" "sfml-system-s-d.lib" "sfml-window-s-d.lib" "sfml-audio-s-d.lib" /LIBPATH:"C:\Users\Player1\Desktop\stuff\Jay's Realm\GameDev\swarch168\SwarchLibrary\..\Middleware\lib" /NOLOGO Debug\EmptySource.obj
     1>sfml-window-s-d.lib(GDI32.dll) : warning LNK4006: __NULL_IMPORT_DESCRIPTOR already defined in sfml-network-s-d.lib(WS2_32.dll); second definition ignored
     1>sfml-window-s-d.lib(GDI32.dll) : warning LNK4221: This object file does not define any previously undefined public symbols, so it will not be used by any link operation that consumes this library
     1>sfml-window-s-d.lib(WINMM.dll) : warning LNK4006: __NULL_IMPORT_DESCRIPTOR already defined in sfml-network-s-d.lib(WS2_32.dll); second definition ignored
     1>sfml-window-s-d.lib(WINMM.dll) : warning LNK4221: This object file does not define any previously undefined public symbols, so it will not be used by any link operation that consumes this library
     1>sfml-window-s-d.lib(OPENGL32.dll) : warning LNK4006: __NULL_IMPORT_DESCRIPTOR already defined in sfml-network-s-d.lib(WS2_32.dll); second definition ignored
     1>sfml-window-s-d.lib(OPENGL32.dll) : warning LNK4221: This object file does not define any previously undefined public symbols, so it will not be used by any link operation that consumes this library
     1>sfml-audio-s-d.lib(libsndfile-1.dll) : warning LNK4006: __NULL_IMPORT_DESCRIPTOR already defined in sfml-network-s-d.lib(WS2_32.dll); second definition ignored
     1>sfml-audio-s-d.lib(libsndfile-1.dll) : warning LNK4221: This object file does not define any previously undefined public symbols, so it will not be used by any link operation that consumes this library
     1>sfml-audio-s-d.lib(OpenAL32.dll) : warning LNK4006: __NULL_IMPORT_DESCRIPTOR already defined in sfml-network-s-d.lib(WS2_32.dll); second definition ignored
     1>sfml-audio-s-d.lib(OpenAL32.dll) : warning LNK4221: This object file does not define any previously undefined public symbols, so it will not be used by any link operation that consumes this library
         SwarchLibrary.vcxproj -> C:\Users\Player1\Desktop\stuff\Jay's Realm\GameDev\swarch168\Debug\SwarchLibrary.lib
     1>Done Building Project "C:\Users\Player1\Desktop\stuff\Jay's Realm\GameDev\swarch168\SwarchLibrary\SwarchLibrary.vcxproj" (Build target(s)).

Build succeeded.

Time Elapsed 00:00:01.66
