Build started 4/4/2014 4:21:34 PM.
     1>Project "C:\Users\Travis\Documents\Visual Studio 2012\Projects\SwarchSolution\SwarchServer\SwarchServer.vcxproj" on node 2 (Build target(s)).
     1>Link:
         C:\Program Files (x86)\Microsoft Visual Studio 11.0\VC\bin\link.exe /ERRORREPORT:PROMPT /OUT:"C:\Users\Travis\Documents\Visual Studio 2012\Projects\SwarchSolution\Debug\SwarchServer.exe" /INCREMENTAL /NOLOGO /LIBPATH:"C:\Users\Travis\Documents\Visual Studio 2012\Projects\SwarchSolution\SwarchServer\..\Middleware\lib" "sfml-graphics-s-d.lib" "sfml-system-s-d.lib" "sfml-audio-s-d.lib" "sfml-network-s-d.lib" "sfml-window-s-d.lib" kernel32.lib user32.lib gdi32.lib winspool.lib comdlg32.lib advapi32.lib shell32.lib ole32.lib oleaut32.lib uuid.lib odbc32.lib odbccp32.lib /MANIFEST /MANIFESTUAC:"level='asInvoker' uiAccess='false'" /manifest:embed /DEBUG /PDB:"C:\Users\Travis\Documents\Visual Studio 2012\Projects\SwarchSolution\Debug\SwarchServer.pdb" /TLBID:1 /DYNAMICBASE /NXCOMPAT /IMPLIB:"C:\Users\Travis\Documents\Visual Studio 2012\Projects\SwarchSolution\Debug\SwarchServer.lib" /MACHINE:X86 Debug\ServerStart.obj
         "C:\Users\Travis\Documents\Visual Studio 2012\Projects\SwarchSolution\Debug\SwarchLibrary.lib"
     1>sfml-graphics-s-d.lib(Color.cpp.obj) : warning LNK4099: PDB 'sfml-graphics-s-d.pdb' was not found with 'sfml-graphics-s-d.lib(Color.cpp.obj)' or at 'C:\Users\Travis\Documents\Visual Studio 2012\Projects\SwarchSolution\Debug\sfml-graphics-s-d.pdb'; linking object as if no debug info
     1>sfml-graphics-s-d.lib(GLCheck.cpp.obj) : warning LNK4099: PDB 'sfml-graphics-s-d.pdb' was not found with 'sfml-graphics-s-d.lib(GLCheck.cpp.obj)' or at 'C:\Users\Travis\Documents\Visual Studio 2012\Projects\SwarchSolution\Debug\sfml-graphics-s-d.pdb'; linking object as if no debug info
     1>sfml-graphics-s-d.lib(Image.cpp.obj) : warning LNK4099: PDB 'sfml-graphics-s-d.pdb' was not found with 'sfml-graphics-s-d.lib(Image.cpp.obj)' or at 'C:\Users\Travis\Documents\Visual Studio 2012\Projects\SwarchSolution\Debug\sfml-graphics-s-d.pdb'; linking object as if no debug info
     1>sfml-graphics-s-d.lib(ImageLoader.cpp.obj) : warning LNK4099: PDB 'sfml-graphics-s-d.pdb' was not found with 'sfml-graphics-s-d.lib(ImageLoader.cpp.obj)' or at 'C:\Users\Travis\Documents\Visual Studio 2012\Projects\SwarchSolution\Debug\sfml-graphics-s-d.pdb'; linking object as if no debug info
     1>sfml-graphics-s-d.lib(RenderStates.cpp.obj) : warning LNK4099: PDB 'sfml-graphics-s-d.pdb' was not found with 'sfml-graphics-s-d.lib(RenderStates.cpp.obj)' or at 'C:\Users\Travis\Documents\Visual Studio 2012\Projects\SwarchSolution\Debug\sfml-graphics-s-d.pdb'; linking object as if no debug info
     1>sfml-graphics-s-d.lib(RenderTarget.cpp.obj) : warning LNK4099: PDB 'sfml-graphics-s-d.pdb' was not found with 'sfml-graphics-s-d.lib(RenderTarget.cpp.obj)' or at 'C:\Users\Travis\Documents\Visual Studio 2012\Projects\SwarchSolution\Debug\sfml-graphics-s-d.pdb'; linking object as if no debug info
     1>sfml-graphics-s-d.lib(RenderWindow.cpp.obj) : warning LNK4099: PDB 'sfml-graphics-s-d.pdb' was not found with 'sfml-graphics-s-d.lib(RenderWindow.cpp.obj)' or at 'C:\Users\Travis\Documents\Visual Studio 2012\Projects\SwarchSolution\Debug\sfml-graphics-s-d.pdb'; linking object as if no debug info
     1>sfml-graphics-s-d.lib(Shader.cpp.obj) : warning LNK4099: PDB 'sfml-graphics-s-d.pdb' was not found with 'sfml-graphics-s-d.lib(Shader.cpp.obj)' or at 'C:\Users\Travis\Documents\Visual Studio 2012\Projects\SwarchSolution\Debug\sfml-graphics-s-d.pdb'; linking object as if no debug info
     1>sfml-graphics-s-d.lib(Texture.cpp.obj) : warning LNK4099: PDB 'sfml-graphics-s-d.pdb' was not found with 'sfml-graphics-s-d.lib(Texture.cpp.obj)' or at 'C:\Users\Travis\Documents\Visual Studio 2012\Projects\SwarchSolution\Debug\sfml-graphics-s-d.pdb'; linking object as if no debug info
     1>sfml-graphics-s-d.lib(TextureSaver.cpp.obj) : warning LNK4099: PDB 'sfml-graphics-s-d.pdb' was not found with 'sfml-graphics-s-d.lib(TextureSaver.cpp.obj)' or at 'C:\Users\Travis\Documents\Visual Studio 2012\Projects\SwarchSolution\Debug\sfml-graphics-s-d.pdb'; linking object as if no debug info
     1>sfml-graphics-s-d.lib(Transform.cpp.obj) : warning LNK4099: PDB 'sfml-graphics-s-d.pdb' was not found with 'sfml-graphics-s-d.lib(Transform.cpp.obj)' or at 'C:\Users\Travis\Documents\Visual Studio 2012\Projects\SwarchSolution\Debug\sfml-graphics-s-d.pdb'; linking object as if no debug info
     1>sfml-graphics-s-d.lib(Transformable.cpp.obj) : warning LNK4099: PDB 'sfml-graphics-s-d.pdb' was not found with 'sfml-graphics-s-d.lib(Transformable.cpp.obj)' or at 'C:\Users\Travis\Documents\Visual Studio 2012\Projects\SwarchSolution\Debug\sfml-graphics-s-d.pdb'; linking object as if no debug info
     1>sfml-graphics-s-d.lib(View.cpp.obj) : warning LNK4099: PDB 'sfml-graphics-s-d.pdb' was not found with 'sfml-graphics-s-d.lib(View.cpp.obj)' or at 'C:\Users\Travis\Documents\Visual Studio 2012\Projects\SwarchSolution\Debug\sfml-graphics-s-d.pdb'; linking object as if no debug info
     1>sfml-graphics-s-d.lib(Vertex.cpp.obj) : warning LNK4099: PDB 'sfml-graphics-s-d.pdb' was not found with 'sfml-graphics-s-d.lib(Vertex.cpp.obj)' or at 'C:\Users\Travis\Documents\Visual Studio 2012\Projects\SwarchSolution\Debug\sfml-graphics-s-d.pdb'; linking object as if no debug info
     1>sfml-graphics-s-d.lib(Shape.cpp.obj) : warning LNK4099: PDB 'sfml-graphics-s-d.pdb' was not found with 'sfml-graphics-s-d.lib(Shape.cpp.obj)' or at 'C:\Users\Travis\Documents\Visual Studio 2012\Projects\SwarchSolution\Debug\sfml-graphics-s-d.pdb'; linking object as if no debug info
     1>sfml-graphics-s-d.lib(CircleShape.cpp.obj) : warning LNK4099: PDB 'sfml-graphics-s-d.pdb' was not found with 'sfml-graphics-s-d.lib(CircleShape.cpp.obj)' or at 'C:\Users\Travis\Documents\Visual Studio 2012\Projects\SwarchSolution\Debug\sfml-graphics-s-d.pdb'; linking object as if no debug info
     1>sfml-graphics-s-d.lib(VertexArray.cpp.obj) : warning LNK4099: PDB 'sfml-graphics-s-d.pdb' was not found with 'sfml-graphics-s-d.lib(VertexArray.cpp.obj)' or at 'C:\Users\Travis\Documents\Visual Studio 2012\Projects\SwarchSolution\Debug\sfml-graphics-s-d.pdb'; linking object as if no debug info
     1>sfml-system-s-d.lib(Err.cpp.obj) : warning LNK4099: PDB 'sfml-system-s-d.pdb' was not found with 'sfml-system-s-d.lib(Err.cpp.obj)' or at 'C:\Users\Travis\Documents\Visual Studio 2012\Projects\SwarchSolution\Debug\sfml-system-s-d.pdb'; linking object as if no debug info
     1>sfml-system-s-d.lib(Lock.cpp.obj) : warning LNK4099: PDB 'sfml-system-s-d.pdb' was not found with 'sfml-system-s-d.lib(Lock.cpp.obj)' or at 'C:\Users\Travis\Documents\Visual Studio 2012\Projects\SwarchSolution\Debug\sfml-system-s-d.pdb'; linking object as if no debug info
     1>sfml-system-s-d.lib(Mutex.cpp.obj) : warning LNK4099: PDB 'sfml-system-s-d.pdb' was not found with 'sfml-system-s-d.lib(Mutex.cpp.obj)' or at 'C:\Users\Travis\Documents\Visual Studio 2012\Projects\SwarchSolution\Debug\sfml-system-s-d.pdb'; linking object as if no debug info
     1>sfml-system-s-d.lib(String.cpp.obj) : warning LNK4099: PDB 'sfml-system-s-d.pdb' was not found with 'sfml-system-s-d.lib(String.cpp.obj)' or at 'C:\Users\Travis\Documents\Visual Studio 2012\Projects\SwarchSolution\Debug\sfml-system-s-d.pdb'; linking object as if no debug info
     1>sfml-system-s-d.lib(MutexImpl.cpp.obj) : warning LNK4099: PDB 'sfml-system-s-d.pdb' was not found with 'sfml-system-s-d.lib(MutexImpl.cpp.obj)' or at 'C:\Users\Travis\Documents\Visual Studio 2012\Projects\SwarchSolution\Debug\sfml-system-s-d.pdb'; linking object as if no debug info
     1>sfml-window-s-d.lib(GlContext.cpp.obj) : warning LNK4099: PDB 'sfml-window-s-d.pdb' was not found with 'sfml-window-s-d.lib(GlContext.cpp.obj)' or at 'C:\Users\Travis\Documents\Visual Studio 2012\Projects\SwarchSolution\Debug\sfml-window-s-d.pdb'; linking object as if no debug info
     1>sfml-window-s-d.lib(GlResource.cpp.obj) : warning LNK4099: PDB 'sfml-window-s-d.pdb' was not found with 'sfml-window-s-d.lib(GlResource.cpp.obj)' or at 'C:\Users\Travis\Documents\Visual Studio 2012\Projects\SwarchSolution\Debug\sfml-window-s-d.pdb'; linking object as if no debug info
     1>sfml-window-s-d.lib(JoystickManager.cpp.obj) : warning LNK4099: PDB 'sfml-window-s-d.pdb' was not found with 'sfml-window-s-d.lib(JoystickManager.cpp.obj)' or at 'C:\Users\Travis\Documents\Visual Studio 2012\Projects\SwarchSolution\Debug\sfml-window-s-d.pdb'; linking object as if no debug info
     1>sfml-window-s-d.lib(VideoMode.cpp.obj) : warning LNK4099: PDB 'sfml-window-s-d.pdb' was not found with 'sfml-window-s-d.lib(VideoMode.cpp.obj)' or at 'C:\Users\Travis\Documents\Visual Studio 2012\Projects\SwarchSolution\Debug\sfml-window-s-d.pdb'; linking object as if no debug info
     1>sfml-window-s-d.lib(Window.cpp.obj) : warning LNK4099: PDB 'sfml-window-s-d.pdb' was not found with 'sfml-window-s-d.lib(Window.cpp.obj)' or at 'C:\Users\Travis\Documents\Visual Studio 2012\Projects\SwarchSolution\Debug\sfml-window-s-d.pdb'; linking object as if no debug info
     1>sfml-window-s-d.lib(WindowImpl.cpp.obj) : warning LNK4099: PDB 'sfml-window-s-d.pdb' was not found with 'sfml-window-s-d.lib(WindowImpl.cpp.obj)' or at 'C:\Users\Travis\Documents\Visual Studio 2012\Projects\SwarchSolution\Debug\sfml-window-s-d.pdb'; linking object as if no debug info
     1>sfml-window-s-d.lib(WglContext.cpp.obj) : warning LNK4099: PDB 'sfml-window-s-d.pdb' was not found with 'sfml-window-s-d.lib(WglContext.cpp.obj)' or at 'C:\Users\Travis\Documents\Visual Studio 2012\Projects\SwarchSolution\Debug\sfml-window-s-d.pdb'; linking object as if no debug info
     1>sfml-window-s-d.lib(JoystickImpl.cpp.obj) : warning LNK4099: PDB 'sfml-window-s-d.pdb' was not found with 'sfml-window-s-d.lib(JoystickImpl.cpp.obj)' or at 'C:\Users\Travis\Documents\Visual Studio 2012\Projects\SwarchSolution\Debug\sfml-window-s-d.pdb'; linking object as if no debug info
     1>sfml-window-s-d.lib(VideoModeImpl.cpp.obj) : warning LNK4099: PDB 'sfml-window-s-d.pdb' was not found with 'sfml-window-s-d.lib(VideoModeImpl.cpp.obj)' or at 'C:\Users\Travis\Documents\Visual Studio 2012\Projects\SwarchSolution\Debug\sfml-window-s-d.pdb'; linking object as if no debug info
     1>sfml-window-s-d.lib(WindowImplWin32.cpp.obj) : warning LNK4099: PDB 'sfml-window-s-d.pdb' was not found with 'sfml-window-s-d.lib(WindowImplWin32.cpp.obj)' or at 'C:\Users\Travis\Documents\Visual Studio 2012\Projects\SwarchSolution\Debug\sfml-window-s-d.pdb'; linking object as if no debug info
     1>SwarchLibrary.lib(ThreadLocalImpl.cpp.obj) : warning LNK4099: PDB 'sfml-system-s-d.pdb' was not found with 'SwarchLibrary.lib(ThreadLocalImpl.cpp.obj)' or at 'C:\Users\Travis\Documents\Visual Studio 2012\Projects\SwarchSolution\Debug\sfml-system-s-d.pdb'; linking object as if no debug info
     1>SwarchLibrary.lib(SleepImpl.cpp.obj) : warning LNK4099: PDB 'sfml-system-s-d.pdb' was not found with 'SwarchLibrary.lib(SleepImpl.cpp.obj)' or at 'C:\Users\Travis\Documents\Visual Studio 2012\Projects\SwarchSolution\Debug\sfml-system-s-d.pdb'; linking object as if no debug info
     1>SwarchLibrary.lib(ClockImpl.cpp.obj) : warning LNK4099: PDB 'sfml-system-s-d.pdb' was not found with 'SwarchLibrary.lib(ClockImpl.cpp.obj)' or at 'C:\Users\Travis\Documents\Visual Studio 2012\Projects\SwarchSolution\Debug\sfml-system-s-d.pdb'; linking object as if no debug info
     1>SwarchLibrary.lib(Time.cpp.obj) : warning LNK4099: PDB 'sfml-system-s-d.pdb' was not found with 'SwarchLibrary.lib(Time.cpp.obj)' or at 'C:\Users\Travis\Documents\Visual Studio 2012\Projects\SwarchSolution\Debug\sfml-system-s-d.pdb'; linking object as if no debug info
     1>SwarchLibrary.lib(ThreadLocal.cpp.obj) : warning LNK4099: PDB 'sfml-system-s-d.pdb' was not found with 'SwarchLibrary.lib(ThreadLocal.cpp.obj)' or at 'C:\Users\Travis\Documents\Visual Studio 2012\Projects\SwarchSolution\Debug\sfml-system-s-d.pdb'; linking object as if no debug info
     1>SwarchLibrary.lib(Sleep.cpp.obj) : warning LNK4099: PDB 'sfml-system-s-d.pdb' was not found with 'SwarchLibrary.lib(Sleep.cpp.obj)' or at 'C:\Users\Travis\Documents\Visual Studio 2012\Projects\SwarchSolution\Debug\sfml-system-s-d.pdb'; linking object as if no debug info
     1>SwarchLibrary.lib(Clock.cpp.obj) : warning LNK4099: PDB 'sfml-system-s-d.pdb' was not found with 'SwarchLibrary.lib(Clock.cpp.obj)' or at 'C:\Users\Travis\Documents\Visual Studio 2012\Projects\SwarchSolution\Debug\sfml-system-s-d.pdb'; linking object as if no debug info
         SwarchServer.vcxproj -> C:\Users\Travis\Documents\Visual Studio 2012\Projects\SwarchSolution\Debug\SwarchServer.exe
     1>Done Building Project "C:\Users\Travis\Documents\Visual Studio 2012\Projects\SwarchSolution\SwarchServer\SwarchServer.vcxproj" (Build target(s)).

Build succeeded.

Time Elapsed 00:00:00.38
